2015-09-24 02:51:38	train
[   1.13s] [   1.13s] {main::train>> m=master(dsetname)
master: 	minbagsize:50 maxdepth:20 engines_path:
		training/dataset00.pic
		training/dataset01.pic
		training/dataset02.pic
		training/dataset03.pic
		training/dataset04.pic
		training/dataset05.pic
		training/dataset06.pic
		training/dataset07.pic}
[   0.20s] [   1.33s] {main::train>> m.reset()}
[ 388.00s] [ 389.33s] {main::train>> m.train(uniquename)}
[   0.43s] [ 389.76s] {main::train>> recording tree}
2015-09-24 02:58:08	recall
[   0.27s] [ 390.03s] {main::train>> loading tree}
[   0.00s] [ 390.03s] {main::train>> loading dset
dataset: 	datset_pickle: path=./"training/dataset00.pic" cmax=90, theta_dim=1, theta_range=10 
        	size=8847, label.shape=(8847L,), I.shape=(8847L, 10L)}
[   2.47s] [ 392.51s] {main::train>> classifying
recall rate: 60.3481406126%}
[   0.01s] [ 392.51s] {main::train>> classifying
confusion matrix: 
[[  0.   0.   0. ...,   0.   0.   0.]
 [  0.  19.   0. ...,   0.   0.   0.]
 [  0.   0.   0. ...,   0.   0.   0.]
 ..., 
 [  0.   0.   0. ...,   0.   0.   0.]
 [  0.   0.   0. ...,   0.   0.   0.]
 [  0.   0.   0. ...,   0.   0.   0.]]}
[   0.00s] [ 392.51s] {__del__}
